<?xml version="1.0" encoding="UTF-8"?>
<!-- Generated by org.testng.reporters.JUnitReportReporter -->
<testsuite hostname="Satarupa-Biswal" failures="0" tests="5" name="test.SignInTest" time="19.613" errors="0" timestamp="29 Jun 2023 02:28:17 GMT" skipped="0">
  <testcase classname="test.SignInTest" name="verifySearchInSilverStripe" time="3.008"/>
  <testcase classname="test.SignInTest" name="verifySearchInSilverStripe" time="3.261"/>
  <testcase classname="test.SignInTest" name="verifySearchInSilverStripe" time="7.633"/>
  <testcase classname="test.SignInTest" name="verifySearchInSilverStripe" time="3.474"/>
  <testcase classname="test.SignInTest" name="verifyInvalidSearchInSilverstripe" time="2.237"/>
</testsuite> <!-- test.SignInTest -->
