<?xml version="1.0" encoding="UTF-8"?>
<!-- Generated by org.testng.reporters.JUnitReportReporter -->
<testsuite hostname="Satarupa-Biswal" failures="0" tests="5" name="test.SearchTest" time="18.601" errors="0" timestamp="28 Jul 2023 00:58:55 GMT" skipped="0">
  <testcase classname="test.SearchTest" name="verifySearchInSilverStripe" time="7.362"/>
  <testcase classname="test.SearchTest" name="verifySearchInSilverStripe" time="2.969"/>
  <testcase classname="test.SearchTest" name="verifySearchInSilverStripe" time="3.282"/>
  <testcase classname="test.SearchTest" name="verifySearchInSilverStripe" time="2.814"/>
  <testcase classname="test.SearchTest" name="verifyInvalidSearchInSilverstripe" time="2.174"/>
</testsuite> <!-- test.SearchTest -->
